*** Starting uWSGI 2.0.17.1 (64bit) on [Mon Oct  8 18:29:54 2018] ***
compiled with version: 7.3.0 on 08 October 2018 10:13:19
os: Linux-4.15.0-33-generic #36-Ubuntu SMP Wed Aug 15 16:00:05 UTC 2018
nodename: even-virtual-machine
machine: x86_64
clock source: unix
detected number of CPU cores: 4
current working directory: /home/even/Documents/python_web
writing pidfile to uwsgi.pid
detected binary path: /home/even/.virtualenvs/flask/bin/uwsgi
!!! no internal routing support, rebuild with pcre support !!!
chdir() to /home/even/Documents/python_web
your processes number limit is 31582
your memory page size is 4096 bytes
detected max file descriptor number: 1024
lock engine: pthread robust mutexes
thunder lock: disabled (you can enable it with --thunder-lock)
uwsgi socket 0 bound to TCP address 127.0.0.1:8080 fd 3
Python version: 3.6.5 (default, Apr  1 2018, 05:46:30)  [GCC 7.3.0]
Python main interpreter initialized at 0x558986adb7e0
python threads support enabled
your server socket listen backlog is limited to 100 connections
your mercy for graceful operations on workers is 60 seconds
mapped 250032 bytes (244 KB) for 4 cores
*** Operational MODE: preforking+threaded ***
WSGI app 0 (mountpoint='') ready in 0 seconds on interpreter 0x558986adb7e0 pid: 76693 (default app)
*** uWSGI is running in multiple interpreter mode ***
spawned uWSGI master process (pid: 76693)
spawned uWSGI worker 1 (pid: 76701, cores: 2)
spawned uWSGI worker 2 (pid: 76703, cores: 2)
invalid request block size: 21573 (max 4096)...skip
invalid request block size: 21573 (max 4096)...skip
invalid request block size: 21573 (max 4096)...skip
Mon Oct  8 18:30:47 2018 - uWSGI worker 1 screams: UAAAAAAH my master disconnected: i will kill myself !!!
Mon Oct  8 18:30:47 2018 - uWSGI worker 1 screams: UAAAAAAH my master disconnected: i will kill myself !!!
Mon Oct  8 18:30:47 2018 - uWSGI worker 2 screams: UAAAAAAH my master disconnected: i will kill myself !!!
Mon Oct  8 18:30:47 2018 - uWSGI worker 2 screams: UAAAAAAH my master disconnected: i will kill myself !!!
*** Starting uWSGI 2.0.17.1 (64bit) on [Mon Oct  8 18:30:53 2018] ***
compiled with version: 7.3.0 on 08 October 2018 10:13:19
os: Linux-4.15.0-33-generic #36-Ubuntu SMP Wed Aug 15 16:00:05 UTC 2018
nodename: even-virtual-machine
machine: x86_64
clock source: unix
detected number of CPU cores: 4
current working directory: /home/even/Documents/python_web
writing pidfile to uwsgi.pid
detected binary path: /home/even/.virtualenvs/flask/bin/uwsgi
!!! no internal routing support, rebuild with pcre support !!!
chdir() to /home/even/Documents/python_web
your processes number limit is 31582
your memory page size is 4096 bytes
detected max file descriptor number: 1024
lock engine: pthread robust mutexes
thunder lock: disabled (you can enable it with --thunder-lock)
uwsgi socket 0 bound to TCP address 127.0.0.1:8080 fd 3
Python version: 3.6.5 (default, Apr  1 2018, 05:46:30)  [GCC 7.3.0]
Python main interpreter initialized at 0x56199711a7e0
python threads support enabled
your server socket listen backlog is limited to 100 connections
your mercy for graceful operations on workers is 60 seconds
mapped 250032 bytes (244 KB) for 4 cores
*** Operational MODE: preforking+threaded ***
WSGI app 0 (mountpoint='') ready in 0 seconds on interpreter 0x56199711a7e0 pid: 76748 (default app)
*** uWSGI is running in multiple interpreter mode ***
spawned uWSGI master process (pid: 76748)
spawned uWSGI worker 1 (pid: 76755, cores: 2)
spawned uWSGI worker 2 (pid: 76757, cores: 2)
Mon Oct  8 18:31:16 2018 - uWSGI worker 2 screams: UAAAAAAH my master disconnected: i will kill myself !!!
Mon Oct  8 18:31:16 2018 - uWSGI worker 2 screams: UAAAAAAH my master disconnected: i will kill myself !!!
Mon Oct  8 18:31:16 2018 - uWSGI worker 1 screams: UAAAAAAH my master disconnected: i will kill myself !!!
Mon Oct  8 18:31:16 2018 - uWSGI worker 1 screams: UAAAAAAH my master disconnected: i will kill myself !!!
*** Starting uWSGI 2.0.17.1 (64bit) on [Mon Oct  8 18:31:19 2018] ***
compiled with version: 7.3.0 on 08 October 2018 10:13:19
os: Linux-4.15.0-33-generic #36-Ubuntu SMP Wed Aug 15 16:00:05 UTC 2018
nodename: even-virtual-machine
machine: x86_64
clock source: unix
detected number of CPU cores: 4
current working directory: /home/even/Documents/python_web
writing pidfile to uwsgi.pid
detected binary path: /home/even/.virtualenvs/flask/bin/uwsgi
!!! no internal routing support, rebuild with pcre support !!!
chdir() to /home/even/Documents/python_web
your processes number limit is 31582
your memory page size is 4096 bytes
detected max file descriptor number: 1024
lock engine: pthread robust mutexes
thunder lock: disabled (you can enable it with --thunder-lock)
uwsgi socket 0 bound to TCP address 127.0.0.1:8080 fd 3
Python version: 3.6.5 (default, Apr  1 2018, 05:46:30)  [GCC 7.3.0]
Python main interpreter initialized at 0x561c4a5047e0
python threads support enabled
your server socket listen backlog is limited to 100 connections
your mercy for graceful operations on workers is 60 seconds
mapped 250032 bytes (244 KB) for 4 cores
*** Operational MODE: preforking+threaded ***
failed to open python file demo07_migrate.py  #
unable to load app 0 (mountpoint='') (callable not found or import error)
*** no app loaded. going in full dynamic mode ***
*** uWSGI is running in multiple interpreter mode ***
spawned uWSGI master process (pid: 76792)
spawned uWSGI worker 1 (pid: 76798, cores: 2)
spawned uWSGI worker 2 (pid: 76799, cores: 2)
invalid request block size: 21573 (max 4096)...skip
invalid request block size: 21573 (max 4096)...skip
invalid request block size: 21573 (max 4096)...skip
invalid request block size: 21573 (max 4096)...skip
invalid request block size: 21573 (max 4096)...skip
invalid request block size: 21573 (max 4096)...skip
Mon Oct  8 18:32:36 2018 - uWSGI worker 2 screams: UAAAAAAH my master disconnected: i will kill myself !!!
Mon Oct  8 18:32:36 2018 - uWSGI worker 2 screams: UAAAAAAH my master disconnected: i will kill myself !!!
Mon Oct  8 18:32:36 2018 - uWSGI worker 1 screams: UAAAAAAH my master disconnected: i will kill myself !!!
Mon Oct  8 18:32:36 2018 - uWSGI worker 1 screams: UAAAAAAH my master disconnected: i will kill myself !!!
*** Starting uWSGI 2.0.17.1 (64bit) on [Mon Oct  8 18:32:39 2018] ***
compiled with version: 7.3.0 on 08 October 2018 10:13:19
os: Linux-4.15.0-33-generic #36-Ubuntu SMP Wed Aug 15 16:00:05 UTC 2018
nodename: even-virtual-machine
machine: x86_64
clock source: unix
detected number of CPU cores: 4
current working directory: /home/even/Documents/python_web
writing pidfile to uwsgi.pid
detected binary path: /home/even/.virtualenvs/flask/bin/uwsgi
!!! no internal routing support, rebuild with pcre support !!!
chdir() to /home/even/Documents/python_web
your processes number limit is 31582
your memory page size is 4096 bytes
detected max file descriptor number: 1024
lock engine: pthread robust mutexes
thunder lock: disabled (you can enable it with --thunder-lock)
uwsgi socket 0 bound to TCP address 127.0.0.1:8080 fd 3
Python version: 3.6.5 (default, Apr  1 2018, 05:46:30)  [GCC 7.3.0]
Python main interpreter initialized at 0x5561c24587e0
python threads support enabled
your server socket listen backlog is limited to 100 connections
your mercy for graceful operations on workers is 60 seconds
mapped 250032 bytes (244 KB) for 4 cores
*** Operational MODE: preforking+threaded ***
failed to open python file demo07_migrate.py  #
unable to load app 0 (mountpoint='') (callable not found or import error)
*** no app loaded. going in full dynamic mode ***
*** uWSGI is running in multiple interpreter mode ***
spawned uWSGI master process (pid: 76865)
spawned uWSGI worker 1 (pid: 76871, cores: 2)
spawned uWSGI worker 2 (pid: 76872, cores: 2)
invalid request block size: 21573 (max 4096)...skip
invalid request block size: 21573 (max 4096)...skip
invalid request block size: 21573 (max 4096)...skip
invalid request block size: 21573 (max 4096)...skip
invalid request block size: 21573 (max 4096)...skip
invalid request block size: 21573 (max 4096)...skip
invalid request block size: 21573 (max 4096)...skip
Mon Oct  8 18:33:20 2018 - uWSGI worker 2 screams: UAAAAAAH my master disconnected: i will kill myself !!!
Mon Oct  8 18:33:20 2018 - uWSGI worker 1 screams: UAAAAAAH my master disconnected: i will kill myself !!!
Mon Oct  8 18:33:20 2018 - uWSGI worker 1 screams: UAAAAAAH my master disconnected: i will kill myself !!!
Mon Oct  8 18:33:20 2018 - uWSGI worker 2 screams: UAAAAAAH my master disconnected: i will kill myself !!!
*** Starting uWSGI 2.0.17.1 (64bit) on [Mon Oct  8 18:33:23 2018] ***
compiled with version: 7.3.0 on 08 October 2018 10:13:19
os: Linux-4.15.0-33-generic #36-Ubuntu SMP Wed Aug 15 16:00:05 UTC 2018
nodename: even-virtual-machine
machine: x86_64
clock source: unix
detected number of CPU cores: 4
current working directory: /home/even/Documents/python_web
writing pidfile to uwsgi.pid
detected binary path: /home/even/.virtualenvs/flask/bin/uwsgi
!!! no internal routing support, rebuild with pcre support !!!
chdir() to /home/even/Documents/python_web
your processes number limit is 31582
your memory page size is 4096 bytes
detected max file descriptor number: 1024
lock engine: pthread robust mutexes
thunder lock: disabled (you can enable it with --thunder-lock)
uWSGI http bound on 127.0.0.1:8080 fd 15
uwsgi socket 0 bound to TCP address 127.0.0.1:35497 (port auto-assigned) fd 3
Python version: 3.6.5 (default, Apr  1 2018, 05:46:30)  [GCC 7.3.0]
Python main interpreter initialized at 0x55623b9418b0
python threads support enabled
your server socket listen backlog is limited to 100 connections
your mercy for graceful operations on workers is 60 seconds
mapped 250032 bytes (244 KB) for 4 cores
*** Operational MODE: preforking+threaded ***
failed to open python file demo07_migrate.py  #
unable to load app 0 (mountpoint='') (callable not found or import error)
*** no app loaded. going in full dynamic mode ***
*** uWSGI is running in multiple interpreter mode ***
spawned uWSGI master process (pid: 76908)
spawned uWSGI worker 1 (pid: 76914, cores: 2)
spawned uWSGI worker 2 (pid: 76915, cores: 2)
spawned uWSGI http 1 (pid: 76916)
--- no python application found, check your startup logs for errors ---
[pid: 76915|app: -1|req: -1/1] 127.0.0.1 () {42 vars in 754 bytes} [Mon Oct  8 18:33:26 2018] GET / => generated 21 bytes in 0 msecs (HTTP/1.1 500) 2 headers in 83 bytes (0 switches on core 0)
--- no python application found, check your startup logs for errors ---
[pid: 76914|app: -1|req: -1/2] 127.0.0.1 () {40 vars in 757 bytes} [Mon Oct  8 18:33:26 2018] GET /favicon.ico => generated 21 bytes in 0 msecs (HTTP/1.1 500) 2 headers in 83 bytes (0 switches on core 0)
--- no python application found, check your startup logs for errors ---
[pid: 76914|app: -1|req: -1/3] 127.0.0.1 () {42 vars in 809 bytes} [Mon Oct  8 18:33:27 2018] GET / => generated 21 bytes in 0 msecs (HTTP/1.1 500) 2 headers in 83 bytes (0 switches on core 0)
--- no python application found, check your startup logs for errors ---
[pid: 76914|app: -1|req: -1/4] 127.0.0.1 () {40 vars in 757 bytes} [Mon Oct  8 18:33:27 2018] GET /favicon.ico => generated 21 bytes in 0 msecs (HTTP/1.1 500) 2 headers in 83 bytes (0 switches on core 0)
--- no python application found, check your startup logs for errors ---
[pid: 76914|app: -1|req: -1/5] 127.0.0.1 () {42 vars in 809 bytes} [Mon Oct  8 18:34:44 2018] GET / => generated 21 bytes in 0 msecs (HTTP/1.1 500) 2 headers in 83 bytes (0 switches on core 0)
--- no python application found, check your startup logs for errors ---
[pid: 76914|app: -1|req: -1/6] 127.0.0.1 () {40 vars in 755 bytes} [Mon Oct  8 18:34:44 2018] GET /favicon.ico => generated 21 bytes in 0 msecs (HTTP/1.1 500) 2 headers in 83 bytes (0 switches on core 0)
Mon Oct  8 18:35:42 2018 - uWSGI worker 1 screams: UAAAAAAH my master disconnected: i will kill myself !!!
Mon Oct  8 18:35:42 2018 - uWSGI worker 2 screams: UAAAAAAH my master disconnected: i will kill myself !!!
Mon Oct  8 18:35:42 2018 - uWSGI worker 2 screams: UAAAAAAH my master disconnected: i will kill myself !!!
Mon Oct  8 18:35:42 2018 - uWSGI worker 1 screams: UAAAAAAH my master disconnected: i will kill myself !!!
*** Starting uWSGI 2.0.17.1 (64bit) on [Mon Oct  8 18:44:11 2018] ***
compiled with version: 7.3.0 on 08 October 2018 10:13:19
os: Linux-4.15.0-33-generic #36-Ubuntu SMP Wed Aug 15 16:00:05 UTC 2018
nodename: even-virtual-machine
machine: x86_64
clock source: unix
detected number of CPU cores: 4
current working directory: /home/even/Documents/python_web
writing pidfile to uwsgi.pid
detected binary path: /home/even/.virtualenvs/flask/bin/uwsgi
!!! no internal routing support, rebuild with pcre support !!!
chdir() to /home/even/Documents/python_web
your processes number limit is 31582
your memory page size is 4096 bytes
detected max file descriptor number: 1024
lock engine: pthread robust mutexes
thunder lock: disabled (you can enable it with --thunder-lock)
uWSGI http bound on 127.0.0.1:8080 fd 15
uwsgi socket 0 bound to TCP address 127.0.0.1:44561 (port auto-assigned) fd 3
Python version: 3.6.5 (default, Apr  1 2018, 05:46:30)  [GCC 7.3.0]
Python main interpreter initialized at 0x55aefce358a0
python threads support enabled
your server socket listen backlog is limited to 100 connections
your mercy for graceful operations on workers is 60 seconds
mapped 250032 bytes (244 KB) for 4 cores
*** Operational MODE: preforking+threaded ***
WSGI app 0 (mountpoint='') ready in 0 seconds on interpreter 0x55aefce358a0 pid: 77295 (default app)
*** uWSGI is running in multiple interpreter mode ***
spawned uWSGI master process (pid: 77295)
spawned uWSGI worker 1 (pid: 77302, cores: 2)
spawned uWSGI worker 2 (pid: 77303, cores: 2)
spawned uWSGI http 1 (pid: 77305)
[pid: 77303|app: 0|req: 1/1] 127.0.0.1 () {42 vars in 809 bytes} [Mon Oct  8 18:44:16 2018] GET / => generated 14 bytes in 9 msecs (HTTP/1.1 200) 2 headers in 79 bytes (1 switches on core 0)
[pid: 77302|app: 0|req: 1/2] 127.0.0.1 () {40 vars in 757 bytes} [Mon Oct  8 18:44:16 2018] GET /favicon.ico => generated 233 bytes in 14 msecs (HTTP/1.1 404) 2 headers in 72 bytes (1 switches on core 0)
